Arguments: 
  C:\Program Files\nodejs\node.exe C:\Program Files\nodejs\node_modules\yarn\bin\yarn.js

PATH: 
  C:\Users\malek\bin;C:\Program Files\Git\mingw64\bin;C:\Program Files\Git\usr\local\bin;C:\Program Files\Git\usr\bin;C:\Program Files\Git\usr\bin;C:\Program Files\Git\mingw64\bin;C:\Program Files\Git\usr\bin;C:\Users\malek\bin;C:\Program Files\Common Files\Oracle\Java\javapath;C:\Program Files\Oculus\Support\oculus-runtime;C:\WINDOWS\system32;C:\WINDOWS;C:\WINDOWS\System32\Wbem;C:\Python310\Scripts;C:\Python310;C:\WINDOWS\System32\WindowsPowerShell\v1.0;C:\WINDOWS\System32\OpenSSH;C:\Program Files\Git\cmd;C:\Program Files\nodejs;C:\ProgramData\chocolatey\bin;C:\Program Files\Microsoft SQL Server\150\Tools\Binn;C:\Program Files\Microsoft SQL Server\Client SDK\ODBC\170\Tools\Binn;C:\Users\malek\OneDrive\Desktop\mingw64\bin;C:\Program Files\Git LFS;C:\Program Files (x86)\php-8.1.12;C:\ProgramData\ComposerSetup\bin;C:\Program Files\dotnet;C:\Program Files\Go\bin;C:\Users\malek\AppData\Roaming\nvm;C:\Program Files\nodejs;C:\Program Files\Docker\Docker\resources\bin;C:\laragon\bin;C:\laragon\bin\apache\httpd-2.4.47-win64-VS16\bin;C:\laragon\bin\composer;C:\laragon\bin\git\bin;C:\laragon\bin\git\cmd;C:\laragon\bin\git\mingw64\bin;C:\laragon\bin\git\usr\bin;C:\laragon\bin\laragon\utils;C:\laragon\bin\mysql\mysql-5.7.33-winx64\bin;C:\laragon\bin\nginx\nginx-1.19.10;C:\laragon\bin\ngrok;C:\laragon\bin\notepad++;C:\laragon\bin\php\php-7.4.19-Win32-vc15-x64;C:\laragon\bin\redis\redis-x64-3.2.100;C:\laragon\bin\telnet;C:\laragon\usr\bin;C:\Users\malek\AppData\Local\Yarn\config\global\node_modules\.bin;C:\Users\malek\AppData\Roaming\Composer\vendor\bin;C:\Users\malek\AppData\Roaming\npm;C:\Program Files\MySQL\MySQL Shell 8.0\bin;C:\Users\malek\AppData\Local\Microsoft\WindowsApps;C:\Users\malek\AppData\Local\Programs\Microsoft VS Code\bin;C:\Users\malek\AppData\Local\GitHubDesktop\bin;C:\Users\malek\go\bin;C:\Users\malek\AppData\Roaming\nvm;C:\Program Files\nodejs;C:\Program Files\Git\usr\bin\vendor_perl;C:\Program Files\Git\usr\bin\core_perl

Yarn version: 
  1.22.19

Node version: 
  18.12.0

Platform: 
  win32 x64

Trace: 
  SyntaxError: C:\Users\malek\OneDrive\Desktop\coding\client\package.json: Unexpected token } in JSON at position 373
      at JSON.parse (<anonymous>)
      at C:\Users\malek\AppData\Roaming\nvm\v18.12.0\node_modules\yarn\lib\cli.js:1629:59
      at Generator.next (<anonymous>)
      at step (C:\Users\malek\AppData\Roaming\nvm\v18.12.0\node_modules\yarn\lib\cli.js:310:30)
      at C:\Users\malek\AppData\Roaming\nvm\v18.12.0\node_modules\yarn\lib\cli.js:321:13

npm manifest: 
  {
    "name": "vite-template-solid",
    "version": "0.0.0",
    "description": "",
    "scripts": {
      "start": "vite",
      "dev": "vite",
      "build": "vite build",
      "serve": "vite preview"
    },
    "license": "MIT",
    "devDependencies": {
      "typescript": "^4.8.2",
      "vite": "^3.0.9",
      "vite-plugin-solid": "^2.3.0"
    },
    "dependencies": {
      "solid-js": "^1.5.1",
    }
  }

yarn manifest: 
  No manifest

Lockfile: 
  No lockfile
